#
# A fatal error has been detected by the Java Runtime Environment:
#
#  EXCEPTION_ACCESS_VIOLATION (0xc0000005) at pc=0x000000005dc63752, pid=20776, tid=0x0000000000006fdc
#
# JRE version: Java(TM) SE Runtime Environment (8.0_231-b11) (build 1.8.0_231-b11)
# Java VM: Java HotSpot(TM) 64-Bit Server VM (25.231-b11 mixed mode windows-amd64 compressed oops)
# Problematic frame:
# V  [jvm.dll+0x43752]
#
# Failed to write core dump. Minidumps are not enabled by default on client versions of Windows
#
# If you would like to submit a bug report, please visit:
#   http://bugreport.java.com/bugreport/crash.jsp
#

---------------  T H R E A D  ---------------

Current thread (0x0000000015e7f000):  JavaThread "C1 CompilerThread2" daemon [_thread_in_vm, id=28636, stack(0x0000000016670000,0x0000000016770000)]

siginfo: ExceptionCode=0xc0000005, reading address 0xffffffffffffffff

Registers:
RAX=0x0000000015e7f000, RBX=0x0800000000000000, RCX=0x0000000000000007, RDX=0x0800000000000000
RSP=0x000000001676e640, RBP=0x000000001dcbc3d0, RSI=0x0800000000000000, RDI=0x0000000000000000
R8 =0x0000000000000001, R9 =0x000000000000009f, R10=0x000000001dcbc600, R11=0x000000001be53b30
R12=0x0000000015e7f000, R13=0x000000001dcbc3d0, R14=0x00000000174a3ea0, R15=0x00000000174aafb0
RIP=0x000000005dc63752, EFLAGS=0x0000000000010202

Top of Stack: (sp=0x000000001676e640)
0x000000001676e640:   0000000100714ea8 0000000100714ea8
0x000000001676e650:   000000001dcbc3d0 00000000174a3ea0
0x000000001676e660:   000000002155e4d0 000000005de3802f
0x000000001676e670:   0000000000000000 0000000100714ea8
0x000000001676e680:   000000000000009f 000000005dc63ae9
0x000000001676e690:   000000000000009e 000000001dcbc3d0
0x000000001676e6a0:   000000000000009f 00000000174ab120
0x000000001676e6b0:   000000000363ec20 00000000174ab110
0x000000001676e6c0:   0000000000000001 000000005dc5f7d0
0x000000001676e6d0:   00000000174ab120 0800000000000000
0x000000001676e6e0:   0000000000000018 000000005dc6827a
0x000000001676e6f0:   00000000174ab120 000000005dc60731
0x000000001676e700:   0000000000000180 0000000017d87230
0x000000001676e710:   00000000174ab110 000000002197b428
0x000000001676e720:   00000000000000b7 0000000000000000
0x000000001676e730:   0000000000000000 000000001be598b0 

Instructions: (pc=0x000000005dc63752)
0x000000005dc63732:   e9 8b 0d ff 93 77 00 48 8b da ff 15 ae fc 59 00
0x000000005dc63742:   44 0f b6 05 b2 9d 7b 00 4c 8b e0 45 84 c0 74 39
0x000000005dc63752:   4c 8b 03 48 8b cb 41 ff 50 08 84 c0 74 2b 83 7b
0x000000005dc63762:   08 00 7e 25 0f b6 83 10 01 00 00 c0 e8 03 a8 01 


Register to memory mapping:

RAX=0x0000000015e7f000 is a thread
RBX=0x0800000000000000 is an unknown value
RCX=0x0000000000000007 is an unknown value
RDX=0x0800000000000000 is an unknown value
RSP=0x000000001676e640 is pointing into the stack for thread: 0x0000000015e7f000
RBP=0x000000001dcbc3d0 is an unknown value
RSI=0x0800000000000000 is an unknown value
RDI=0x0000000000000000 is an unknown value
R8 =0x0000000000000001 is an unknown value
R9 =0x000000000000009f is an unknown value
R10=0x000000001dcbc600 is an unknown value
R11=0x000000001be53b30 is an unknown value
R12=0x0000000015e7f000 is a thread
R13=0x000000001dcbc3d0 is an unknown value
R14=0x00000000174a3ea0 is an unknown value
R15=0x00000000174aafb0 is an unknown value


Stack: [0x0000000016670000,0x0000000016770000],  sp=0x000000001676e640,  free space=1017k
Native frames: (J=compiled Java code, j=interpreted, Vv=VM code, C=native code)
V  [jvm.dll+0x43752]
V  [jvm.dll+0x43ae9]
V  [jvm.dll+0x3f7d0]
V  [jvm.dll+0x40731]
V  [jvm.dll+0x3b1c3]
V  [jvm.dll+0x3b2d9]
V  [jvm.dll+0x424a37]
V  [jvm.dll+0x425408]
V  [jvm.dll+0x4210e2]
V  [jvm.dll+0x423ac7]
V  [jvm.dll+0x4243bd]
V  [jvm.dll+0x4251a6]
V  [jvm.dll+0x425408]
V  [jvm.dll+0x4210e2]
V  [jvm.dll+0x423ac7]
V  [jvm.dll+0x42428b]
V  [jvm.dll+0x4251a6]
V  [jvm.dll+0x425408]
V  [jvm.dll+0x4210e2]
V  [jvm.dll+0x423ac7]
V  [jvm.dll+0x4243bd]
V  [jvm.dll+0x4247b2]
V  [jvm.dll+0x4298c5]
V  [jvm.dll+0x4299d0]
V  [jvm.dll+0x412f38]
V  [jvm.dll+0x4131a1]
V  [jvm.dll+0x413362]
V  [jvm.dll+0x413531]
V  [jvm.dll+0x41373f]
V  [jvm.dll+0xa6ae2]
V  [jvm.dll+0xa742f]
V  [jvm.dll+0x24677f]
V  [jvm.dll+0x29fd8a]
C  [msvcr100.dll+0x21d9f]
C  [msvcr100.dll+0x21e3b]
C  [KERNEL32.DLL+0x17bd4]
C  [ntdll.dll+0x6cee1]


Current CompileTask:
C1:6731275 14143       3       io.spring.gradle.dependencymanagement.org.apache.maven.model.building.DefaultModelBuilder::build (235 bytes)


---------------  P R O C E S S  ---------------

Java Threads: ( => current thread )
  0x0000000018988800 JavaThread "Cache worker for execution history cache (C:\Users\gogyu\IdeaProjects\JEANS\.gradle\5.6.4\executionHistory)" [_thread_blocked, id=12212, stack(0x0000000020990000,0x0000000020a90000)]
  0x0000000018983000 JavaThread "Execution worker for ':' Thread 3" [_thread_blocked, id=2152, stack(0x0000000020890000,0x0000000020990000)]
  0x0000000018981000 JavaThread "Execution worker for ':' Thread 2" [_thread_blocked, id=26288, stack(0x0000000020790000,0x0000000020890000)]
  0x0000000018987800 JavaThread "Execution worker for ':'" [_thread_in_vm, id=28496, stack(0x0000000020690000,0x0000000020790000)]
  0x0000000018980000 JavaThread "Cache worker for file content cache (C:\Users\gogyu\IdeaProjects\JEANS\.gradle\5.6.4\fileContent)" [_thread_blocked, id=14096, stack(0x0000000020590000,0x0000000020690000)]
  0x0000000018986000 JavaThread "Cache worker for Build Output Cleanup Cache (C:\Users\gogyu\IdeaProjects\JEANS\.gradle\buildOutputCleanup)" [_thread_blocked, id=27848, stack(0x0000000020490000,0x0000000020590000)]
  0x0000000018981800 JavaThread "Build operations Thread 4" [_thread_blocked, id=25948, stack(0x000000001ff90000,0x0000000020090000)]
  0x0000000018985800 JavaThread "Build operations Thread 3" [_thread_blocked, id=27256, stack(0x000000001e1e0000,0x000000001e2e0000)]
  0x000000001c11f000 JavaThread "Build operations Thread 2" [_thread_blocked, id=19776, stack(0x000000001cc30000,0x000000001cd30000)]
  0x000000001c11c000 JavaThread "Build operations" [_thread_blocked, id=12260, stack(0x000000001c890000,0x000000001c990000)]
  0x000000001c11b000 JavaThread "Cache worker for cache directory md-rule (C:\Users\gogyu\.gradle\caches\5.6.4\md-rule)" [_thread_blocked, id=17096, stack(0x0000000019ef0000,0x0000000019ff0000)]
  0x000000001c11e000 JavaThread "Cache worker for cache directory md-supplier (C:\Users\gogyu\.gradle\caches\5.6.4\md-supplier)" [_thread_blocked, id=14980, stack(0x0000000019df0000,0x0000000019ef0000)]
  0x000000001c120800 JavaThread "Cache worker for file hash cache (C:\Users\gogyu\IdeaProjects\JEANS\.gradle\5.6.4\fileHashes)" [_thread_blocked, id=12672, stack(0x0000000019cf0000,0x0000000019df0000)]
  0x000000001c113800 JavaThread "Thread-90" [_thread_blocked, id=25148, stack(0x0000000019bf0000,0x0000000019cf0000)]
  0x000000001c11a800 JavaThread "Stdin handler" [_thread_blocked, id=19196, stack(0x0000000019af0000,0x0000000019bf0000)]
  0x000000001c117800 JavaThread "Asynchronous log dispatcher for DefaultDaemonConnection: socket connection from /127.0.0.1:3315 to /127.0.0.1:5668" [_thread_blocked, id=18156, stack(0x00000000197f0000,0x00000000198f0000)]
  0x000000001c119800 JavaThread "Daemon worker Thread 4" [_thread_blocked, id=20968, stack(0x00000000196f0000,0x00000000197f0000)]
  0x000000001c116000 JavaThread "Cancel handler" [_thread_blocked, id=24176, stack(0x00000000017d0000,0x00000000018d0000)]
  0x000000001c116800 JavaThread "Handler for socket connection from /127.0.0.1:3315 to /127.0.0.1:5668" [_thread_in_native, id=7744, stack(0x00000000016d0000,0x00000000017d0000)]
  0x000000001c114800 JavaThread "Daemon Thread 4" [_thread_blocked, id=9664, stack(0x00000000015d0000,0x00000000016d0000)]
  0x000000001c11c800 JavaThread "Cache worker for Java compile cache (C:\Users\gogyu\.gradle\caches\5.6.4\javaCompile)" [_thread_blocked, id=916, stack(0x0000000022180000,0x0000000022280000)]
  0x000000001c112000 JavaThread "Cache worker for file content cache (C:\Users\gogyu\.gradle\caches\5.6.4\fileContent)" [_thread_blocked, id=28580, stack(0x0000000021b80000,0x0000000021c80000)]
  0x000000001c113000 JavaThread "Memory manager" [_thread_blocked, id=26860, stack(0x0000000021a80000,0x0000000021b80000)]
  0x000000001a72c800 JavaThread "Cache worker for execution history cache (C:\Users\gogyu\.gradle\caches\5.6.4\executionHistory)" [_thread_blocked, id=27988, stack(0x000000001e2e0000,0x000000001e3e0000)]
  0x000000001836e000 JavaThread "Cache worker for journal cache (C:\Users\gogyu\.gradle\caches\journal-1)" [_thread_blocked, id=11780, stack(0x000000001a3f0000,0x000000001a4f0000)]
  0x0000000018370800 JavaThread "File lock request listener" [_thread_in_native, id=19432, stack(0x000000001a2f0000,0x000000001a3f0000)]
  0x000000001836b000 JavaThread "Cache worker for file hash cache (C:\Users\gogyu\.gradle\caches\5.6.4\fileHashes)" [_thread_blocked, id=24940, stack(0x000000001a1f0000,0x000000001a2f0000)]
  0x0000000017044000 JavaThread "Daemon periodic checks" [_thread_blocked, id=3100, stack(0x00000000195f0000,0x00000000196f0000)]
  0x00000000170ce800 JavaThread "Incoming local TCP Connector on port 3315" [_thread_in_native, id=21076, stack(0x0000000019410000,0x0000000019510000)]
  0x00000000183c2000 JavaThread "Daemon health stats" [_thread_blocked, id=22168, stack(0x0000000019110000,0x0000000019210000)]
  0x0000000015efc000 JavaThread "Service Thread" daemon [_thread_blocked, id=26572, stack(0x0000000016770000,0x0000000016870000)]
=>0x0000000015e7f000 JavaThread "C1 CompilerThread2" daemon [_thread_in_vm, id=28636, stack(0x0000000016670000,0x0000000016770000)]
  0x0000000015e7a000 JavaThread "C2 CompilerThread1" daemon [_thread_in_native, id=14916, stack(0x0000000016570000,0x0000000016670000)]
  0x0000000014aeb800 JavaThread "C2 CompilerThread0" daemon [_thread_in_native, id=21184, stack(0x0000000016470000,0x0000000016570000)]
  0x0000000014a9f000 JavaThread "Attach Listener" daemon [_thread_blocked, id=13124, stack(0x0000000016370000,0x0000000016470000)]
  0x0000000014a9e000 JavaThread "Signal Dispatcher" daemon [_thread_blocked, id=15936, stack(0x0000000016270000,0x0000000016370000)]
  0x000000000371a800 JavaThread "Finalizer" daemon [_thread_blocked, id=19228, stack(0x0000000015ce0000,0x0000000015de0000)]
  0x0000000003712000 JavaThread "Reference Handler" daemon [_thread_blocked, id=25256, stack(0x0000000015be0000,0x0000000015ce0000)]
  0x000000000149e000 JavaThread "main" [_thread_blocked, id=18104, stack(0x0000000003140000,0x0000000003240000)]

Other Threads:
  0x0000000014a57800 VMThread [stack: 0x0000000015ae0000,0x0000000015be0000] [id=23300]
  0x0000000015e96000 WatcherThread [stack: 0x0000000016870000,0x0000000016970000] [id=11100]

VM state:not at safepoint (normal execution)

VM Mutex/Monitor currently owned by a thread: None

heap address: 0x00000000e0000000, size: 512 MB, Compressed Oops mode: 32-bit
Narrow klass base: 0x0000000000000000, Narrow klass shift: 3
Compressed class space size: 1073741824 Address: 0x0000000100000000

Heap:
 PSYoungGen      total 137728K, used 87104K [0x00000000f5580000, 0x0000000100000000, 0x0000000100000000)
  eden space 103936K, 77% used [0x00000000f5580000,0x00000000fa448048,0x00000000fbb00000)
  from space 33792K, 19% used [0x00000000fbb00000,0x00000000fc148000,0x00000000fdc00000)
  to   space 33792K, 0% used [0x00000000fdf00000,0x00000000fdf00000,0x0000000100000000)
 ParOldGen       total 183808K, used 87816K [0x00000000e0000000, 0x00000000eb380000, 0x00000000f5580000)
  object space 183808K, 47% used [0x00000000e0000000,0x00000000e55c20d8,0x00000000eb380000)
 Metaspace       used 69510K, capacity 71960K, committed 72320K, reserved 1112064K
  class space    used 9153K, capacity 9729K, committed 9856K, reserved 1048576K

Card table byte_map: [0x0000000012ae0000,0x0000000012bf0000] byte_map_base: 0x00000000123e0000

Marking Bits: (ParMarkBitMap*) 0x000000005e446d90
 Begin Bits: [0x0000000012ff0000, 0x00000000137f0000)
 End Bits:   [0x00000000137f0000, 0x0000000013ff0000)

Polling page: 0x0000000001480000

CodeCache: size=245760Kb used=41114Kb max_used=41130Kb free=204645Kb
 bounds [0x0000000003720000, 0x0000000005f80000, 0x0000000012720000]
 total_blobs=12639 nmethods=11798 adapters=752
 compilation: enabled

Compilation events (10 events):
Event: 6731.240 Thread 0x0000000015e7f000 14139       3       io.spring.gradle.dependencymanagement.org.apache.maven.model.merge.ModelMerger::mergeDistributionManagement (46 bytes)
Event: 6731.240 Thread 0x0000000015e7f000 nmethod 14139 0x0000000005f73790 code [0x0000000005f73940, 0x0000000005f73ea8]
Event: 6731.241 Thread 0x0000000015e7a000 14140       4       org.gradle.util.DeferredUtil::unpack (47 bytes)
Event: 6731.243 Thread 0x0000000015e7a000 nmethod 14140 0x0000000005f731d0 code [0x0000000005f73320, 0x0000000005f735d8]
Event: 6731.243 Thread 0x0000000015e7f000 14141       3       io.spring.gradle.dependencymanagement.org.apache.maven.model.building.DefaultModelBuilder::assembleInheritance (71 bytes)
Event: 6731.243 Thread 0x0000000015e7f000 nmethod 14141 0x0000000005f708d0 code [0x0000000005f70aa0, 0x0000000005f71198]
Event: 6731.243 Thread 0x0000000015e7f000 14142       3       io.spring.gradle.dependencymanagement.org.apache.maven.model.path.DefaultModelUrlNormalizer::normalize (100 bytes)
Event: 6731.244 Thread 0x0000000015e7f000 nmethod 14142 0x0000000003aa9550 code [0x0000000003aa9780, 0x0000000003aaa1e8]
Event: 6731.245 Thread 0x0000000014aeb800 14144       4       org.gradle.api.internal.artifacts.ivyservice.resolveengine.graph.builder.SelectorState::update (95 bytes)
Event: 6731.245 Thread 0x0000000015e7f000 14143       3       io.spring.gradle.dependencymanagement.org.apache.maven.model.building.DefaultModelBuilder::build (235 bytes)

GC Heap History (10 events):
Event: 4934.886 GC heap before
{Heap before GC invocations=22 (full 3):
 PSYoungGen      total 136192K, used 136165K [0x00000000f5580000, 0x0000000100000000, 0x0000000100000000)
  eden space 109056K, 100% used [0x00000000f5580000,0x00000000fc000000,0x00000000fc000000)
  from space 27136K, 99% used [0x00000000fe580000,0x00000000ffff9770,0x0000000100000000)
  to   space 32768K, 0% used [0x00000000fc000000,0x00000000fc000000,0x00000000fe000000)
 ParOldGen       total 183808K, used 41671K [0x00000000e0000000, 0x00000000eb380000, 0x00000000f5580000)
  object space 183808K, 22% used [0x00000000e0000000,0x00000000e28b1f20,0x00000000eb380000)
 Metaspace       used 67181K, capacity 69374K, committed 69760K, reserved 1110016K
  class space    used 8963K, capacity 9473K, committed 9600K, reserved 1048576K
Event: 4934.924 GC heap after
Heap after GC invocations=22 (full 3):
 PSYoungGen      total 138752K, used 29356K [0x00000000f5580000, 0x0000000100000000, 0x0000000100000000)
  eden space 109056K, 0% used [0x00000000f5580000,0x00000000f5580000,0x00000000fc000000)
  from space 29696K, 98% used [0x00000000fc000000,0x00000000fdcab0b8,0x00000000fdd00000)
  to   space 35840K, 0% used [0x00000000fdd00000,0x00000000fdd00000,0x0000000100000000)
 ParOldGen       total 183808K, used 46835K [0x00000000e0000000, 0x00000000eb380000, 0x00000000f5580000)
  object space 183808K, 25% used [0x00000000e0000000,0x00000000e2dbcfc8,0x00000000eb380000)
 Metaspace       used 67181K, capacity 69374K, committed 69760K, reserved 1110016K
  class space    used 8963K, capacity 9473K, committed 9600K, reserved 1048576K
}
Event: 4935.386 GC heap before
{Heap before GC invocations=23 (full 3):
 PSYoungGen      total 138752K, used 138412K [0x00000000f5580000, 0x0000000100000000, 0x0000000100000000)
  eden space 109056K, 100% used [0x00000000f5580000,0x00000000fc000000,0x00000000fc000000)
  from space 29696K, 98% used [0x00000000fc000000,0x00000000fdcab0b8,0x00000000fdd00000)
  to   space 35840K, 0% used [0x00000000fdd00000,0x00000000fdd00000,0x0000000100000000)
 ParOldGen       total 183808K, used 46835K [0x00000000e0000000, 0x00000000eb380000, 0x00000000f5580000)
  object space 183808K, 25% used [0x00000000e0000000,0x00000000e2dbcfc8,0x00000000eb380000)
 Metaspace       used 67284K, capacity 69450K, committed 69760K, reserved 1110016K
  class space    used 8964K, capacity 9475K, committed 9600K, reserved 1048576K
Event: 4935.408 GC heap after
Heap after GC invocations=23 (full 3):
 PSYoungGen      total 140288K, used 16986K [0x00000000f5580000, 0x0000000100000000, 0x0000000100000000)
  eden space 104448K, 0% used [0x00000000f5580000,0x00000000f5580000,0x00000000fbb80000)
  from space 35840K, 47% used [0x00000000fdd00000,0x00000000fed96910,0x0000000100000000)
  to   space 34304K, 0% used [0x00000000fbb80000,0x00000000fbb80000,0x00000000fdd00000)
 ParOldGen       total 183808K, used 59265K [0x00000000e0000000, 0x00000000eb380000, 0x00000000f5580000)
  object space 183808K, 32% used [0x00000000e0000000,0x00000000e39e0778,0x00000000eb380000)
 Metaspace       used 67284K, capacity 69450K, committed 69760K, reserved 1110016K
  class space    used 8964K, capacity 9475K, committed 9600K, reserved 1048576K
}
Event: 4937.596 GC heap before
{Heap before GC invocations=24 (full 3):
 PSYoungGen      total 140288K, used 121434K [0x00000000f5580000, 0x0000000100000000, 0x0000000100000000)
  eden space 104448K, 100% used [0x00000000f5580000,0x00000000fbb80000,0x00000000fbb80000)
  from space 35840K, 47% used [0x00000000fdd00000,0x00000000fed96910,0x0000000100000000)
  to   space 34304K, 0% used [0x00000000fbb80000,0x00000000fbb80000,0x00000000fdd00000)
 ParOldGen       total 183808K, used 59265K [0x00000000e0000000, 0x00000000eb380000, 0x00000000f5580000)
  object space 183808K, 32% used [0x00000000e0000000,0x00000000e39e0778,0x00000000eb380000)
 Metaspace       used 68600K, capacity 70842K, committed 71168K, reserved 1110016K
  class space    used 9101K, capacity 9618K, committed 9728K, reserved 1048576K
Event: 4937.625 GC heap after
Heap after GC invocations=24 (full 3):
 PSYoungGen      total 123392K, used 18637K [0x00000000f5580000, 0x00000000ffc80000, 0x0000000100000000)
  eden space 104448K, 0% used [0x00000000f5580000,0x00000000f5580000,0x00000000fbb80000)
  from space 18944K, 98% used [0x00000000fbb80000,0x00000000fcdb3730,0x00000000fce00000)
  to   space 33280K, 0% used [0x00000000fdc00000,0x00000000fdc00000,0x00000000ffc80000)
 ParOldGen       total 183808K, used 71346K [0x00000000e0000000, 0x00000000eb380000, 0x00000000f5580000)
  object space 183808K, 38% used [0x00000000e0000000,0x00000000e45acbc8,0x00000000eb380000)
 Metaspace       used 68600K, capacity 70842K, committed 71168K, reserved 1110016K
  class space    used 9101K, capacity 9618K, committed 9728K, reserved 1048576K
}
Event: 5935.919 GC heap before
{Heap before GC invocations=25 (full 3):
 PSYoungGen      total 123392K, used 123085K [0x00000000f5580000, 0x00000000ffc80000, 0x0000000100000000)
  eden space 104448K, 100% used [0x00000000f5580000,0x00000000fbb80000,0x00000000fbb80000)
  from space 18944K, 98% used [0x00000000fbb80000,0x00000000fcdb3730,0x00000000fce00000)
  to   space 33280K, 0% used [0x00000000fdc00000,0x00000000fdc00000,0x00000000ffc80000)
 ParOldGen       total 183808K, used 71346K [0x00000000e0000000, 0x00000000eb380000, 0x00000000f5580000)
  object space 183808K, 38% used [0x00000000e0000000,0x00000000e45acbc8,0x00000000eb380000)
 Metaspace       used 69303K, capacity 71708K, committed 71936K, reserved 1112064K
  class space    used 9141K, capacity 9709K, committed 9728K, reserved 1048576K
Event: 5935.931 GC heap after
Heap after GC invocations=25 (full 3):
 PSYoungGen      total 137216K, used 3888K [0x00000000f5580000, 0x0000000100000000, 0x0000000100000000)
  eden space 103936K, 0% used [0x00000000f5580000,0x00000000f5580000,0x00000000fbb00000)
  from space 33280K, 11% used [0x00000000fdc00000,0x00000000fdfcc010,0x00000000ffc80000)
  to   space 33792K, 0% used [0x00000000fbb00000,0x00000000fbb00000,0x00000000fdc00000)
 ParOldGen       total 183808K, used 84572K [0x00000000e0000000, 0x00000000eb380000, 0x00000000f5580000)
  object space 183808K, 46% used [0x00000000e0000000,0x00000000e5297368,0x00000000eb380000)
 Metaspace       used 69303K, capacity 71708K, committed 71936K, reserved 1112064K
  class space    used 9141K, capacity 9709K, committed 9728K, reserved 1048576K
}
Event: 5936.385 GC heap before
{Heap before GC invocations=26 (full 3):
 PSYoungGen      total 137216K, used 107824K [0x00000000f5580000, 0x0000000100000000, 0x0000000100000000)
  eden space 103936K, 100% used [0x00000000f5580000,0x00000000fbb00000,0x00000000fbb00000)
  from space 33280K, 11% used [0x00000000fdc00000,0x00000000fdfcc010,0x00000000ffc80000)
  to   space 33792K, 0% used [0x00000000fbb00000,0x00000000fbb00000,0x00000000fdc00000)
 ParOldGen       total 183808K, used 84572K [0x00000000e0000000, 0x00000000eb380000, 0x00000000f5580000)
  object space 183808K, 46% used [0x00000000e0000000,0x00000000e5297368,0x00000000eb380000)
 Metaspace       used 69348K, capacity 71772K, committed 71936K, reserved 1112064K
  class space    used 9141K, capacity 9709K, committed 9728K, reserved 1048576K
Event: 5936.401 GC heap after
Heap after GC invocations=26 (full 3):
 PSYoungGen      total 137728K, used 6432K [0x00000000f5580000, 0x0000000100000000, 0x0000000100000000)
  eden space 103936K, 0% used [0x00000000f5580000,0x00000000f5580000,0x00000000fbb00000)
  from space 33792K, 19% used [0x00000000fbb00000,0x00000000fc148000,0x00000000fdc00000)
  to   space 33792K, 0% used [0x00000000fdf00000,0x00000000fdf00000,0x0000000100000000)
 ParOldGen       total 183808K, used 87816K [0x00000000e0000000, 0x00000000eb380000, 0x00000000f5580000)
  object space 183808K, 47% used [0x00000000e0000000,0x00000000e55c20d8,0x00000000eb380000)
 Metaspace       used 69348K, capacity 71772K, committed 71936K, reserved 1112064K
  class space    used 9141K, capacity 9709K, committed 9728K, reserved 1048576K
}

Deoptimization events (10 events):
Event: 4938.475 Thread 0x000000001a72f800 Uncommon trap: reason=unstable_if action=reinterpret pc=0x0000000005291618 method=java.io.WinNTFileSystem.isLetter(C)Z @ 9
Event: 4938.477 Thread 0x000000001a72f800 Uncommon trap: reason=unstable_if action=reinterpret pc=0x0000000005b630d4 method=java.io.WinNTFileSystem.parentOrNull(Ljava/lang/String;)Ljava/lang/String; @ 76
Event: 4938.586 Thread 0x000000001a72f800 Uncommon trap: reason=unstable_if action=reinterpret pc=0x000000000465145c method=java.util.LinkedHashMap.afterNodeInsertion(Z)V @ 18
Event: 4938.693 Thread 0x000000001a72f800 Uncommon trap: reason=unstable_if action=reinterpret pc=0x0000000004fca78c method=java.io.WinNTFileSystem.isLetter(C)Z @ 9
Event: 4938.746 Thread 0x000000001a72f800 Uncommon trap: reason=unstable_if action=reinterpret pc=0x0000000004334c00 method=java.util.HashMap$HashIterator.<init>(Ljava/util/HashMap;)V @ 45
Event: 5935.544 Thread 0x0000000018984000 Uncommon trap: reason=bimorphic action=maybe_recompile pc=0x00000000052744bc method=com.google.common.collect.ImmutableSet.copyOf(Ljava/util/Collection;)Lcom/google/common/collect/ImmutableSet; @ 29
Event: 5935.667 Thread 0x0000000018984000 Uncommon trap: reason=speculate_class_check action=maybe_recompile pc=0x0000000004148110 method=com.google.common.collect.ImmutableList.listIterator(I)Lcom/google/common/collect/UnmodifiableListIterator; @ 2
Event: 5935.703 Thread 0x0000000018984000 Uncommon trap: reason=unstable_if action=reinterpret pc=0x0000000004ef3ec4 method=java.util.IdentityHashMap.get(Ljava/lang/Object;)Ljava/lang/Object; @ 43
Event: 5937.329 Thread 0x0000000018983000 Uncommon trap: reason=null_check action=make_not_entrant pc=0x000000000572b2b0 method=org.slf4j.helpers.MessageFormatter.getThrowableCandidate([Ljava/lang/Object;)Ljava/lang/Throwable; @ 19
Event: 6731.141 Thread 0x000000001c119800 Uncommon trap: reason=speculate_class_check action=maybe_recompile pc=0x0000000004148110 method=com.google.common.collect.ImmutableList.listIterator(I)Lcom/google/common/collect/UnmodifiableListIterator; @ 2

Classes redefined (0 events):
No events

Internal exceptions (10 events):
Event: 4937.592 Thread 0x000000001a72f800 Implicit null exception at 0x00000000054377b6 to 0x0000000005437e31
Event: 4938.067 Thread 0x000000001a72f800 Implicit null exception at 0x00000000049678fd to 0x000000000496d4e5
Event: 4938.078 Thread 0x000000001c118000 Implicit null exception at 0x00000000044f6bc2 to 0x00000000044f7b89
Event: 4938.079 Thread 0x000000001c118000 Exception <a 'java/lang/NoSuchMethodError': <clinit>> (0x00000000f56df460) thrown at [C:\re\workspace\8-2-build-windows-amd64-cygwin\jdk8u231\13620\hotspot\src\share\vm\prims\jni.cpp, line 1614]
Event: 4938.081 Thread 0x000000001c118000 Exception <a 'java/lang/NoSuchMethodError': <clinit>> (0x00000000f8f71ff8) thrown at [C:\re\workspace\8-2-build-windows-amd64-cygwin\jdk8u231\13620\hotspot\src\share\vm\prims\jni.cpp, line 1614]
Event: 4938.082 Thread 0x000000001c118000 Exception <a 'java/lang/NoSuchMethodError': <clinit>> (0x00000000f8f742f0) thrown at [C:\re\workspace\8-2-build-windows-amd64-cygwin\jdk8u231\13620\hotspot\src\share\vm\prims\jni.cpp, line 1614]
Event: 4938.082 Thread 0x000000001c118000 Exception <a 'java/lang/NoSuchMethodError': <clinit>> (0x00000000f8f7f028) thrown at [C:\re\workspace\8-2-build-windows-amd64-cygwin\jdk8u231\13620\hotspot\src\share\vm\prims\jni.cpp, line 1614]
Event: 4938.083 Thread 0x000000001c118000 Exception <a 'java/lang/NoSuchMethodError': <clinit>> (0x00000000f8f94f90) thrown at [C:\re\workspace\8-2-build-windows-amd64-cygwin\jdk8u231\13620\hotspot\src\share\vm\prims\jni.cpp, line 1614]
Event: 4938.084 Thread 0x000000001c118000 Exception <a 'java/lang/NoSuchMethodError': <clinit>> (0x00000000f8f9e430) thrown at [C:\re\workspace\8-2-build-windows-amd64-cygwin\jdk8u231\13620\hotspot\src\share\vm\prims\jni.cpp, line 1614]
Event: 5937.329 Thread 0x0000000018983000 Implicit null exception at 0x0000000005728b2b to 0x000000000572b28d

Events (10 events):
Event: 6731.221 Executing VM operation: RevokeBias
Event: 6731.221 Executing VM operation: RevokeBias done
Event: 6731.221 Executing VM operation: BulkRevokeBias
Event: 6731.222 Executing VM operation: BulkRevokeBias done
Event: 6731.227 Thread 0x0000000014aeb800 flushing nmethod 0x0000000003971f90
Event: 6731.227 Thread 0x0000000015e7a000 flushing nmethod 0x0000000003aa9250
Event: 6731.227 Thread 0x0000000015e7a000 flushing nmethod 0x0000000003b0d510
Event: 6731.230 Thread 0x0000000015e7f000 flushing nmethod 0x0000000003ba1fd0
Event: 6731.230 Thread 0x0000000015e7f000 flushing nmethod 0x0000000003bac9d0
Event: 6731.235 Thread 0x0000000014aeb800 flushing nmethod 0x0000000003ed79d0


Dynamic libraries:
0x00007ff6ccb80000 - 0x00007ff6ccbb7000 	C:\Program Files\Java\jdk1.8.0_231\bin\java.exe
0x00007ff8c3e00000 - 0x00007ff8c3ff0000 	C:\Windows\SYSTEM32\ntdll.dll
0x00007ff8c2610000 - 0x00007ff8c26c2000 	C:\Windows\System32\KERNEL32.DLL
0x00007ff8c1930000 - 0x00007ff8c1bd3000 	C:\Windows\System32\KERNELBASE.dll
0x00007ff8c38b0000 - 0x00007ff8c3953000 	C:\Windows\System32\ADVAPI32.dll
0x00007ff8c30d0000 - 0x00007ff8c316e000 	C:\Windows\System32\msvcrt.dll
0x00007ff8c2f30000 - 0x00007ff8c2fc7000 	C:\Windows\System32\sechost.dll
0x00007ff8c2e00000 - 0x00007ff8c2f20000 	C:\Windows\System32\RPCRT4.dll
0x00007ff8c36b0000 - 0x00007ff8c3843000 	C:\Windows\System32\USER32.dll
0x00007ff8c1ce0000 - 0x00007ff8c1d01000 	C:\Windows\System32\win32u.dll
0x00007ff8c25b0000 - 0x00007ff8c25d6000 	C:\Windows\System32\GDI32.dll
0x00007ff8c1770000 - 0x00007ff8c1904000 	C:\Windows\System32\gdi32full.dll
0x00007ff8c1e10000 - 0x00007ff8c1eae000 	C:\Windows\System32\msvcp_win.dll
0x00007ff8c1be0000 - 0x00007ff8c1cda000 	C:\Windows\System32\ucrtbase.dll
0x00007ff8b31e0000 - 0x00007ff8b3465000 	C:\Windows\WinSxS\amd64_microsoft.windows.common-controls_6595b64144ccf1df_6.0.18362.356_none_e6c4af7d130f27cc\COMCTL32.dll
0x00007ff8c2910000 - 0x00007ff8c2c46000 	C:\Windows\System32\combase.dll
0x00007ff8c1660000 - 0x00007ff8c16e0000 	C:\Windows\System32\bcryptPrimitives.dll
0x00007ff8c25e0000 - 0x00007ff8c260e000 	C:\Windows\System32\IMM32.DLL
0x000000005e4d0000 - 0x000000005e5a2000 	C:\Program Files\Java\jdk1.8.0_231\jre\bin\msvcr100.dll
0x000000005dc20000 - 0x000000005e4c6000 	C:\Program Files\Java\jdk1.8.0_231\jre\bin\server\jvm.dll
0x00007ff8c2fd0000 - 0x00007ff8c2fd8000 	C:\Windows\System32\PSAPI.DLL
0x00007ff8bd5c0000 - 0x00007ff8bd5e4000 	C:\Windows\SYSTEM32\WINMM.dll
0x00007ff8bad70000 - 0x00007ff8bad7a000 	C:\Windows\SYSTEM32\VERSION.dll
0x00007ff8be640000 - 0x00007ff8be649000 	C:\Windows\SYSTEM32\WSOCK32.dll
0x00007ff8c2fe0000 - 0x00007ff8c304f000 	C:\Windows\System32\WS2_32.dll
0x00007ff8bd490000 - 0x00007ff8bd4bd000 	C:\Windows\SYSTEM32\WINMMBASE.dll
0x00007ff8c1d10000 - 0x00007ff8c1d5a000 	C:\Windows\System32\cfgmgr32.dll
0x00007ff8be440000 - 0x00007ff8be44f000 	C:\Program Files\Java\jdk1.8.0_231\jre\bin\verify.dll
0x00007ff8b3120000 - 0x00007ff8b3149000 	C:\Program Files\Java\jdk1.8.0_231\jre\bin\java.dll
0x00007ff8b38d0000 - 0x00007ff8b38e6000 	C:\Program Files\Java\jdk1.8.0_231\jre\bin\zip.dll
0x00007ff8c1ec0000 - 0x00007ff8c25a5000 	C:\Windows\System32\SHELL32.dll
0x00007ff8c3d10000 - 0x00007ff8c3db9000 	C:\Windows\System32\shcore.dll
0x00007ff8c0d90000 - 0x00007ff8c150e000 	C:\Windows\System32\windows.storage.dll
0x00007ff8c0d00000 - 0x00007ff8c0d1f000 	C:\Windows\System32\profapi.dll
0x00007ff8c0d40000 - 0x00007ff8c0d8a000 	C:\Windows\System32\powrprof.dll
0x00007ff8c0cd0000 - 0x00007ff8c0ce0000 	C:\Windows\System32\UMPDC.dll
0x00007ff8c3960000 - 0x00007ff8c39b2000 	C:\Windows\System32\shlwapi.dll
0x00007ff8c0ce0000 - 0x00007ff8c0cf1000 	C:\Windows\System32\kernel.appcore.dll
0x00007ff8c1910000 - 0x00007ff8c1927000 	C:\Windows\System32\cryptsp.dll
0x00007ff8b2fa0000 - 0x00007ff8b2fba000 	C:\Program Files\Java\jdk1.8.0_231\jre\bin\net.dll
0x00007ff8c0540000 - 0x00007ff8c05a7000 	C:\Windows\system32\mswsock.dll
0x00007ff8b2f80000 - 0x00007ff8b2f92000 	C:\Program Files\Java\jdk1.8.0_231\jre\bin\nio.dll
0x00007ff8b40d0000 - 0x00007ff8b40f6000 	C:\Users\gogyu\.gradle\native\30\windows-amd64\native-platform.dll
0x00007ff8be3e0000 - 0x00007ff8be3ed000 	C:\Program Files\Java\jdk1.8.0_231\jre\bin\management.dll
0x00007ff8c00b0000 - 0x00007ff8c00e3000 	C:\Windows\system32\rsaenh.dll
0x00007ff8c1740000 - 0x00007ff8c1766000 	C:\Windows\System32\bcrypt.dll
0x00007ff8c0bf0000 - 0x00007ff8c0c15000 	C:\Windows\SYSTEM32\USERENV.dll
0x00007ff8c0710000 - 0x00007ff8c071c000 	C:\Windows\SYSTEM32\CRYPTBASE.dll
0x00007ff8c0250000 - 0x00007ff8c028a000 	C:\Windows\SYSTEM32\IPHLPAPI.DLL
0x00007ff8c1eb0000 - 0x00007ff8c1eb8000 	C:\Windows\System32\NSI.dll
0x00007ff8bd840000 - 0x00007ff8bd856000 	C:\Windows\SYSTEM32\dhcpcsvc6.DLL
0x00007ff8bd820000 - 0x00007ff8bd83c000 	C:\Windows\SYSTEM32\dhcpcsvc.DLL
0x00007ff8c0290000 - 0x00007ff8c035a000 	C:\Windows\SYSTEM32\DNSAPI.dll
0x00007ff8b18d0000 - 0x00007ff8b18f4000 	C:\Program Files\Java\jdk1.8.0_231\jre\bin\sunec.dll
0x00007ff8b2720000 - 0x00007ff8b272a000 	C:\Windows\System32\rasadhlp.dll
0x00007ff8bc380000 - 0x00007ff8bc3f7000 	C:\Windows\System32\fwpuclnt.dll
0x00007ff8be300000 - 0x00007ff8be30b000 	C:\Program Files\Java\jdk1.8.0_231\jre\bin\sunmscapi.dll
0x00007ff8c1510000 - 0x00007ff8c1659000 	C:\Windows\System32\CRYPT32.dll
0x00007ff8c0d20000 - 0x00007ff8c0d32000 	C:\Windows\System32\MSASN1.dll
0x00007ff8bedd0000 - 0x00007ff8befc4000 	C:\Windows\SYSTEM32\dbghelp.dll

VM Arguments:
jvm_args: -XX:MaxMetaspaceSize=256m -XX:+HeapDumpOnOutOfMemoryError -Xms256m -Xmx512m -Dfile.encoding=UTF-8 -Duser.country=KR -Duser.language=ko -Duser.variant 
java_command: org.gradle.launcher.daemon.bootstrap.GradleDaemon 5.6.4
java_class_path (initial): C:\Users\gogyu\.gradle\wrapper\dists\gradle-5.6.4-bin\bxirm19lnfz6nurbatndyydux\gradle-5.6.4\lib\gradle-launcher-5.6.4.jar
Launcher Type: SUN_STANDARD

Environment Variables:
JAVA_HOME=C:\Program Files\Java\jdk-13.0.1
PATH=C:\Program Files (x86)\Common Files\Oracle\Java\javapath;C:\Windows\system32;C:\Windows;C:\Windows\System32\Wbem;C:\Windows\System32\WindowsPowerShell\v1.0\;C:\Windows\System32\OpenSSH\;C:\Program Files\Java\jdk-13.0.1\bin;C:\Program Files\Git\cmd;C:\apache-maven-3.5.4\bin;C:\Users\gogyu\anaconda3;C:\Users\gogyu\anaconda3\Library\mingw-w64\bin;C:\Users\gogyu\anaconda3\Library\usr\bin;C:\Users\gogyu\anaconda3\Library\bin;C:\Users\gogyu\anaconda3\Scripts;C:\Program Files\MySQL\MySQL Shell 8.0\bin\;C:\Users\gogyu\AppData\Local\Programs\Python\Python38-32\Scripts\;C:\Users\gogyu\AppData\Local\Programs\Python\Python38-32\;C:\Users\gogyu\AppData\Local\Microsoft\WindowsApps;C:\Program Files\JetBrains\IntelliJ IDEA 2019.3.1\bin;;C:\Users\gogyu\AppData\Local\Programs\Microsoft VS Code\bin
USERNAME=gogyu
OS=Windows_NT
PROCESSOR_IDENTIFIER=Intel64 Family 6 Model 60 Stepping 3, GenuineIntel



---------------  S Y S T E M  ---------------

OS: Windows 10.0 , 64 bit Build 18362 (10.0.18362.329)

CPU:total 4 (initial active 4) (4 cores per cpu, 1 threads per core) family 6 model 60 stepping 3, cmov, cx8, fxsr, mmx, sse, sse2, sse3, ssse3, sse4.1, sse4.2, popcnt, avx, avx2, aes, clmul, erms, lzcnt, tsc, tscinvbit, bmi1, bmi2

Memory: 4k page, physical 16634996k(9426404k free), swap 19125364k(9002908k free)

vm_info: Java HotSpot(TM) 64-Bit Server VM (25.231-b11) for windows-amd64 JRE (1.8.0_231-b11), built on Oct  5 2019 03:11:30 by "java_re" with MS VC++ 10.0 (VS2010)

time: Thu Sep 24 14:13:21 2020
timezone: 대한민국 표준시
elapsed time: 6731 seconds (0d 1h 52m 11s)

